<?xml version="1.0" encoding="UTF-8"?>
<!-- Generated by org.testng.reporters.JUnitReportReporter -->
<testsuite hostname="LTIN238420" failures="0" tests="1" name="alldropdownmenu.SelectpriceinBS" time="16.701" errors="0" timestamp="2022-01-20T11:43:37 IST" skipped="0">
  <testcase classname="alldropdownmenu.SelectpriceinBS" name="selectpriceinbs" time="16.701"/>
  <system-out/>
</testsuite> <!-- alldropdownmenu.SelectpriceinBS -->
