<?xml version="1.0" encoding="UTF-8"?>
<!-- Generated by org.testng.reporters.JUnitReportReporter -->
<testsuite skipped="0" hostname="LTIN327397" name="selectstoragetype.SelectingOpen" tests="1" failures="0" timestamp="07 Jan 2022 06:37:53 GMT" time="17.163" errors="0">
  <testcase name="selectopen" time="17.163" classname="selectstoragetype.SelectingOpen"/>
</testsuite> <!-- selectstoragetype.SelectingOpen -->
