<?xml version="1.0" encoding="UTF-8"?>
<!-- Generated by org.testng.reporters.JUnitReportReporter -->
<testsuite skipped="0" hostname="LTIN327397" name="giftcards.RecipentsEmail" tests="1" failures="0" timestamp="07 Jan 2022 06:37:52 GMT" time="11.285" errors="0">
  <testcase name="selectgiftcard" time="11.285" classname="giftcards.RecipentsEmail"/>
</testsuite> <!-- giftcards.RecipentsEmail -->
