<?xml version="1.0" encoding="UTF-8"?>
<!-- Generated by org.testng.reporters.JUnitReportReporter -->
<testsuite skipped="0" hostname="LTIN327397" name="giftcards.InputRecipentsName" tests="1" failures="0" timestamp="07 Jan 2022 06:37:53 GMT" time="9.666" errors="0">
  <testcase name="selectgiftcard" time="9.666" classname="giftcards.InputRecipentsName"/>
</testsuite> <!-- giftcards.InputRecipentsName -->
