<?xml version="1.0" encoding="UTF-8"?>
<!-- Generated by org.testng.reporters.JUnitReportReporter -->
<testsuite skipped="0" hostname="LTIN327397" name="NewTest" tests="1" failures="0" timestamp="07 Jan 2022 06:37:53 GMT" time="0.002" errors="0">
  <testcase name="f" time="0.002" classname="NewTest"/>
</testsuite> <!-- NewTest -->
