<?xml version="1.0" encoding="UTF-8"?>
<!-- Generated by org.testng.reporters.JUnitReportReporter -->
<testsuite hostname="LTIN192700" failures="0" tests="1" name="studychairs.Printdetails" time="45.245" errors="0" timestamp="2022-08-09T18:23:01 IST" skipped="0">
  <testcase classname="studychairs.Printdetails" name="capturealert" time="45.245"/>
  <system-out/>
</testsuite> <!-- studychairs.Printdetails -->
