<?xml version="1.0" encoding="UTF-8"?>
<!-- Generated by org.testng.reporters.JUnitReportReporter -->
<testsuite skipped="0" hostname="LTIN327397" name="giftcards.Chooseprice" tests="1" failures="0" timestamp="07 Jan 2022 06:37:53 GMT" time="15.559" errors="0">
  <testcase name="enteramount" time="15.559" classname="giftcards.Chooseprice"/>
</testsuite> <!-- giftcards.Chooseprice -->
