<?xml version="1.0" encoding="UTF-8"?>
<!-- Generated by org.testng.reporters.JUnitReportReporter -->
<testsuite skipped="0" hostname="LTIN327397" name="alldropdownmenu.SelectstoragetypeinBS" tests="1" failures="0" timestamp="07 Jan 2022 06:37:52 GMT" time="19.125" errors="0">
  <testcase name="Selectstorage" time="19.125" classname="alldropdownmenu.SelectstoragetypeinBS"/>
</testsuite> <!-- alldropdownmenu.SelectstoragetypeinBS -->
